<?xml version="1.0" encoding="UTF-8"?>
<testng-results skipped="0" failed="0" ignored="0" total="1" passed="1">
  <reporter-output>
  </reporter-output>
  <suite name="Default suite" duration-ms="129229" started-at="2019-06-23T07:25:53Z" finished-at="2019-06-23T07:28:03Z">
    <groups>
    </groups>
    <test name="Default test" duration-ms="129229" started-at="2019-06-23T07:25:53Z" finished-at="2019-06-23T07:28:03Z">
      <class name="testcases.ValidLoginTest">
        <test-method status="PASS" signature="Btest()[pri:0, instance:testcases.ValidLoginTest@3e57cd70]" name="Btest" is-config="true" duration-ms="22180" started-at="2019-06-23T07:25:53Z" finished-at="2019-06-23T07:26:16Z">
          <reporter-output>
          </reporter-output>
        </test-method> <!-- Btest -->
        <test-method status="PASS" signature="logintest()[pri:0, instance:testcases.ValidLoginTest@3e57cd70]" name="logintest" duration-ms="106965" started-at="2019-06-23T07:26:16Z" finished-at="2019-06-23T07:28:03Z">
          <reporter-output>
          </reporter-output>
        </test-method> <!-- logintest -->
      </class> <!-- testcases.ValidLoginTest -->
    </test> <!-- Default test -->
  </suite> <!-- Default suite -->
</testng-results>
